<?xml version="1.0" encoding="UTF-8"?>
<!-- Generated by org.testng.reporters.JUnitReportReporter -->
<testsuite skipped="0" hostname="SJO-533JZW2LT" name="restcom.qa.test.PostAPIServicesTest" tests="1" failures="0" timestamp="09 Nov 2019 01:40:14 GMT" time="0.648" errors="0">
  <testcase name="post" time="0.648" classname="restcom.qa.test.PostAPIServicesTest"/>
</testsuite> <!-- restcom.qa.test.PostAPIServicesTest -->
