<?xml version="1.0" encoding="UTF-8"?>
<!-- Generated by org.testng.reporters.JUnitReportReporter -->
<testsuite skipped="2" hostname="SJO-533JZW2LT" name="restcom.qa.test.DeleteAPITest" tests="3" failures="0" timestamp="07 Nov 2019 00:44:31 GMT" time="0.490" errors="0">
  <testcase name="deleteCatogoriesIDWithHeadersTest" time="0.490" classname="restcom.qa.test.DeleteAPITest"/>
  <testcase name="deleteStoresIDTest" classname="restcom.qa.test.DeleteAPITest">
    <skipped/>
  </testcase> <!-- deleteStoresIDTest -->
  <testcase name="deleteIDTest" classname="restcom.qa.test.DeleteAPITest">
    <skipped/>
  </testcase> <!-- deleteIDTest -->
</testsuite> <!-- restcom.qa.test.DeleteAPITest -->
