<?xml version="1.0" encoding="UTF-8"?>
<!-- Generated by org.testng.reporters.JUnitReportReporter -->
<testsuite skipped="0" hostname="SJO-533JZW2LT" name="restcom.qa.test.GetAPITestVersion" tests="1" failures="0" timestamp="05 Nov 2019 20:43:04 GMT" time="0.465" errors="0">
  <testcase name="test" time="0.465" classname="restcom.qa.test.GetAPITestVersion"/>
</testsuite> <!-- restcom.qa.test.GetAPITestVersion -->
