<?xml version="1.0" encoding="UTF-8"?>
<!-- Generated by org.testng.reporters.JUnitReportReporter -->
<testsuite skipped="0" hostname="SJO-533JZW2LT" name="restcom.qa.test.GetAPITest1" tests="1" failures="0" timestamp="04 Nov 2019 21:56:21 GMT" time="0.904" errors="0">
  <testcase name="test" time="0.904" classname="restcom.qa.test.GetAPITest1"/>
</testsuite> <!-- restcom.qa.test.GetAPITest1 -->
