<?xml version="1.0" encoding="UTF-8"?>
<!-- Generated by org.testng.reporters.JUnitReportReporter -->
<testsuite skipped="0" hostname="SJO-533JZW2LT" name="restcom.qa.test.GetAPITest" tests="1" failures="0" timestamp="01 Nov 2019 21:52:26 GMT" time="0.886" errors="0">
  <testcase name="test" time="0.886" classname="restcom.qa.test.GetAPITest"/>
</testsuite> <!-- restcom.qa.test.GetAPITest -->
