<?xml version="1.0" encoding="UTF-8"?>
<!-- Generated by org.testng.reporters.JUnitReportReporter -->
<testsuite skipped="0" hostname="SJO-533JZW2LT" name="restcom.qa.test.GetCall" tests="1" failures="0" timestamp="05 Nov 2019 03:09:42 GMT" time="0.460" errors="0">
  <testcase name="test" time="0.460" classname="restcom.qa.test.GetCall"/>
</testsuite> <!-- restcom.qa.test.GetCall -->
