<?xml version="1.0" encoding="UTF-8"?>
<!-- Generated by org.testng.reporters.JUnitReportReporter -->
<testsuite skipped="0" hostname="SJO-533JZW2LT" name="restcom.qa.test.GetAPITestServices" tests="1" failures="0" timestamp="05 Nov 2019 20:35:48 GMT" time="0.483" errors="0">
  <testcase name="test" time="0.483" classname="restcom.qa.test.GetAPITestServices"/>
</testsuite> <!-- restcom.qa.test.GetAPITestServices -->
