<?xml version="1.0" encoding="UTF-8"?>
<!-- Generated by org.testng.reporters.JUnitReportReporter -->
<testsuite skipped="0" hostname="SJO-533JZW2LT" name="restcom.qa.test.PatchAPICategories" tests="2" failures="0" timestamp="12 Nov 2019 15:32:01 GMT" time="0.671" errors="1">
  <testcase name="patchCategoriesIDTest" time="0.650" classname="restcom.qa.test.PatchAPICategories">
    <error type="com.fasterxml.jackson.databind.exc.UnrecognizedPropertyException" message="Unrecognized field &quot;createdAt&quot; (class com.qa.data.UserCategories), not marked as ignorable (2 known properties: &quot;name&quot;, &quot;id&quot;])
 at [Source: (String)&quot;{&quot;id&quot;:&quot;abcat0020002&quot;,&quot;name&quot;:&quot;Toddler toys&quot;,&quot;createdAt&quot;:&quot;2016-11-17T17:57:04.285Z&quot;,&quot;updatedAt&quot;:&quot;2019-11-12T15:32:01.247Z&quot;}&quot;; line: 1, column: 57] (through reference chain: com.qa.data.UserCategories[&quot;createdAt&quot;])">
      <![CDATA[com.fasterxml.jackson.databind.exc.UnrecognizedPropertyException: Unrecognized field "createdAt" (class com.qa.data.UserCategories), not marked as ignorable (2 known properties: "name", "id"])
 at [Source: (String)"{"id":"abcat0020002","name":"Toddler toys","createdAt":"2016-11-17T17:57:04.285Z","updatedAt":"2019-11-12T15:32:01.247Z"}"; line: 1, column: 57] (through reference chain: com.qa.data.UserCategories["createdAt"])
at com.fasterxml.jackson.databind.exc.UnrecognizedPropertyException.from(UnrecognizedPropertyException.java:61)
at com.fasterxml.jackson.databind.DeserializationContext.handleUnknownProperty(DeserializationContext.java:823)
at com.fasterxml.jackson.databind.deser.std.StdDeserializer.handleUnknownProperty(StdDeserializer.java:1153)
at com.fasterxml.jackson.databind.deser.BeanDeserializerBase.handleUnknownProperty(BeanDeserializerBase.java:1589)
at com.fasterxml.jackson.databind.deser.BeanDeserializerBase.handleUnknownVanilla(BeanDeserializerBase.java:1567)
at com.fasterxml.jackson.databind.deser.BeanDeserializer.vanillaDeserialize(BeanDeserializer.java:294)
at com.fasterxml.jackson.databind.deser.BeanDeserializer.deserialize(BeanDeserializer.java:151)
at com.fasterxml.jackson.databind.ObjectMapper._readMapAndClose(ObjectMapper.java:4014)
at com.fasterxml.jackson.databind.ObjectMapper.readValue(ObjectMapper.java:3005)
at restcom.qa.test.PatchAPICategories.patchCategoriesIDTest(PatchAPICategories.java:94)
at sun.reflect.NativeMethodAccessorImpl.invoke0(Native Method)
at sun.reflect.NativeMethodAccessorImpl.invoke(NativeMethodAccessorImpl.java:62)
at sun.reflect.DelegatingMethodAccessorImpl.invoke(DelegatingMethodAccessorImpl.java:43)
at java.lang.reflect.Method.invoke(Method.java:498)
at org.testng.internal.MethodInvocationHelper.invokeMethod(MethodInvocationHelper.java:124)
at org.testng.internal.Invoker.invokeMethod(Invoker.java:583)
at org.testng.internal.Invoker.invokeTestMethod(Invoker.java:719)
at org.testng.internal.Invoker.invokeTestMethods(Invoker.java:989)
at org.testng.internal.TestMethodWorker.invokeTestMethods(TestMethodWorker.java:125)
at org.testng.internal.TestMethodWorker.run(TestMethodWorker.java:109)
at org.testng.TestRunner.privateRun(TestRunner.java:648)
at org.testng.TestRunner.run(TestRunner.java:505)
at org.testng.SuiteRunner.runTest(SuiteRunner.java:455)
at org.testng.SuiteRunner.runSequentially(SuiteRunner.java:450)
at org.testng.SuiteRunner.privateRun(SuiteRunner.java:415)
at org.testng.SuiteRunner.run(SuiteRunner.java:364)
at org.testng.SuiteRunnerWorker.runSuite(SuiteRunnerWorker.java:52)
at org.testng.SuiteRunnerWorker.run(SuiteRunnerWorker.java:84)
at org.testng.TestNG.runSuitesSequentially(TestNG.java:1208)
at org.testng.TestNG.runSuitesLocally(TestNG.java:1137)
at org.testng.TestNG.runSuites(TestNG.java:1049)
at org.testng.TestNG.run(TestNG.java:1017)
at org.testng.remote.AbstractRemoteTestNG.run(AbstractRemoteTestNG.java:115)
at org.testng.remote.RemoteTestNG.initAndRun(RemoteTestNG.java:251)
at org.testng.remote.RemoteTestNG.main(RemoteTestNG.java:77)
]]>
    </error>
  </testcase> <!-- patchCategoriesIDTest -->
  <testcase name="test" time="0.021" classname="restcom.qa.test.PatchAPICategories"/>
</testsuite> <!-- restcom.qa.test.PatchAPICategories -->
