<?xml version="1.0" encoding="UTF-8"?>
<!-- Generated by org.testng.reporters.JUnitReportReporter -->
<testsuite skipped="0" hostname="SJO-533JZW2LT" name="restcom.qa.test.PostAPITest" tests="1" failures="0" timestamp="07 Nov 2019 20:52:29 GMT" time="0.715" errors="0">
  <testcase name="postAPItest" time="0.715" classname="restcom.qa.test.PostAPITest"/>
</testsuite> <!-- restcom.qa.test.PostAPITest -->
