<?xml version="1.0" encoding="UTF-8"?>
<!-- Generated by org.testng.reporters.JUnitReportReporter -->
<testsuite skipped="0" hostname="SJO-533JZW2LT" name="restcom.qa.test.PostAPICategoriesTest" tests="1" failures="0" timestamp="09 Nov 2019 01:45:27 GMT" time="0.662" errors="0">
  <testcase name="postCatoriesTest" time="0.662" classname="restcom.qa.test.PostAPICategoriesTest"/>
</testsuite> <!-- restcom.qa.test.PostAPICategoriesTest -->
