<?xml version="1.0" encoding="UTF-8"?>
<!-- Generated by org.testng.reporters.JUnitReportReporter -->
<testsuite skipped="0" hostname="SJO-533JZW2LT" name="restcom.qa.test.PatchAPITest" tests="1" failures="0" timestamp="09 Nov 2019 01:37:12 GMT" time="0.641" errors="0">
  <testcase name="test" time="0.641" classname="restcom.qa.test.PatchAPITest"/>
</testsuite> <!-- restcom.qa.test.PatchAPITest -->
