<?xml version="1.0" encoding="UTF-8"?>
<!-- Generated by org.testng.reporters.JUnitReportReporter -->
<testsuite skipped="0" hostname="SJO-533JZW2LT" name="restcom.qa.test.GetAPITestProducts" tests="2" failures="0" timestamp="05 Nov 2019 22:13:40 GMT" time="0.521" errors="0">
  <testcase name="getProductsIDWithoutHeadersTest" time="0.505" classname="restcom.qa.test.GetAPITestProducts"/>
  <testcase name="getProductsIDWithHeadersTest" time="0.016" classname="restcom.qa.test.GetAPITestProducts"/>
</testsuite> <!-- restcom.qa.test.GetAPITestProducts -->
